{"name": "test_register[data0]", "status": "failed", "statusDetails": {"message": "AssertionError: assert '/login' in 'http://localhost:8080/member/register/'\n +  where 'http://localhost:8080/member/register/' = <selenium.webdriver.chrome.webdriver.WebDriver (session=\"4d56d671b2f2f307aeb5578271b80604\")>.current_url", "trace": "self = <scripts.test_register.TestRegister object at 0x000001FC691FB090>\nbrowser = <selenium.webdriver.chrome.webdriver.WebDriver (session=\"4d56d671b2f2f307aeb5578271b80604\")>\nbase_url = 'http://localhost:8080/'\nregister_page = <pages.register_page.RegisterPage object at 0x000001FC691A2390>\ndata = {'confirm_password': 'Test8340', 'expected': True, 'password': 'Test8340', 'username': 'testuser'}\n\n    @pytest.mark.parametrize(\"data\", read_test_data('../data/register_data.json'))\n    def test_register(self, browser, base_url, register_page, data):\n        \"\"\"测试注册功能\"\"\"\n        username = data.get('username')\n        password = data.get('password')\n        confirm_password = data.get('confirm_password')\n        expected = data.get('expected')\n        # 访问注册页面\n        browser.get(base_url + \"member/register/\")\n        register_page.register(username, password, confirm_password)\n        # 断言注册结果\n        if expected:\n>           assert '/login' in browser.current_url\nE           assert '/login' in 'http://localhost:8080/member/register/'\nE            +  where 'http://localhost:8080/member/register/' = <selenium.webdriver.chrome.webdriver.WebDriver (session=\"4d56d671b2f2f307aeb5578271b80604\")>.current_url\n\nscripts\\test_register.py:23: AssertionError"}, "description": "测试注册功能", "parameters": [{"name": "data", "value": "{'username': 'testuser', 'password': 'Test8340', 'confirm_password': 'Test8340', 'expected': True}"}], "start": 1746499329398, "stop": 1746499330655, "uuid": "b017e67a-1aec-412a-b90e-a0ff4eecb147", "historyId": "38649289afdff532001bafd85d215260", "testCaseId": "cfb7a3e27e372e5116157cea226aba3c", "fullName": "scripts.test_register.TestRegister#test_register", "labels": [{"name": "parentSuite", "value": "scripts"}, {"name": "suite", "value": "test_register"}, {"name": "subSuite", "value": "TestRegister"}, {"name": "host", "value": "LAPTOP-N95P6LV6"}, {"name": "thread", "value": "65340-MainThread"}, {"name": "framework", "value": "pytest"}, {"name": "language", "value": "cpython3"}, {"name": "package", "value": "scripts.test_register"}]}